<?xml version="1.0" encoding="UTF-8"?>
<!-- Generated by org.testng.reporters.JUnitXMLReporter -->
<testsuite ignored="0" hostname="VIJAYB-IN" failures="0" tests="5" name="Automation_Test" time="29.509" errors="0" timestamp="30 Jun 2021 06:16:57 GMT">
  <testcase classname="com.tests.LoginTest" name="Login_Test_TC1_2_3" time="2.989"/>
  <testcase classname="com.tests.LoginTest" name="Login_Test_TC8" time="0.821"/>
  <testcase classname="com.tests.LoginTest" name="Login_Test_TC4" time="1.159"/>
  <testcase classname="com.tests.LoginTest" name="Login_Test_TC9" time="0.462"/>
  <testcase classname="com.tests.LoginTest" name="Login_Test_TC16" time="1.987"/>
</testsuite> <!-- Automation_Test -->
